<?xml version="1.0" encoding="UTF-8"?>
<!-- Generated by org.testng.reporters.JUnitReportReporter -->
<testsuite hostname="WASIMS-AIR" failures="0" tests="1" name="com.testng.PracticeAnnotation" time="0.017" errors="0" timestamp="21 Sep 2024 17:03:11 GMT" skipped="0">
  <testcase classname="com.testng.PracticeAnnotation" name="getCart" time="0.017"/>
</testsuite> <!-- com.testng.PracticeAnnotation -->
