<?xml version="1.0" encoding="UTF-8"?>
<!-- Generated by org.testng.reporters.JUnitReportReporter -->
<testsuite hostname="WASIMS-AIR" failures="0" tests="2" name="com.testng.PracticeTestNG" time="0.022" errors="0" timestamp="02 Oct 2024 01:25:03 GMT" skipped="0">
  <testcase classname="com.testng.PracticeTestNG" name="getLogin" time="0.017"/>
  <testcase classname="com.testng.PracticeTestNG" name="getsearch" time="0.005"/>
</testsuite> <!-- com.testng.PracticeTestNG -->
