<?xml version="1.0" encoding="UTF-8"?>
<!-- Generated by org.testng.reporters.JUnitReportReporter -->
<testsuite hostname="WASIMS-AIR" failures="0" tests="1" name="com.testng.PracticeAutomationLoginTesting" time="79.827" errors="0" timestamp="16 Oct 2024 00:07:34 GMT" skipped="0">
  <testcase classname="com.testng.PracticeAutomationLoginTesting" name="getLogin" time="79.827"/>
</testsuite> <!-- com.testng.PracticeAutomationLoginTesting -->
