<?xml version="1.0" encoding="UTF-8"?>
<!-- Generated by org.testng.reporters.JUnitReportReporter -->
<testsuite hostname="MacBookAir" failures="0" tests="4" name="com.runner.LoginRunner" time="0.398" errors="0" timestamp="01 Nov 2024 00:51:08 GMT" skipped="0">
  <testcase classname="com.runner.LoginRunner" name="runScenario" time="0.048"/>
  <testcase classname="com.runner.LoginRunner" name="runScenario" time="0.033"/>
  <testcase classname="com.runner.LoginRunner" name="runScenario" time="0.041"/>
  <testcase classname="com.runner.LoginRunner" name="runScenario" time="0.276"/>
</testsuite> <!-- com.runner.LoginRunner -->
