<?xml version="1.0" encoding="UTF-8"?>
<!-- Generated by org.testng.reporters.JUnitReportReporter -->
<testsuite hostname="WASIMS-AIR" failures="0" tests="1" name="com.testng.PracticeTestNGParameter" time="0.026" errors="0" timestamp="09 Oct 2024 00:11:24 GMT" skipped="0">
  <testcase classname="com.testng.PracticeTestNGParameter" name="getName" time="0.026"/>
</testsuite> <!-- com.testng.PracticeTestNGParameter -->
