<?xml version="1.0" encoding="UTF-8"?>
<!-- Generated by org.testng.reporters.JUnitReportReporter -->
<testsuite hostname="MacBookAir" failures="0" tests="4" name="com.runner.LoginRunner" time="0.079" errors="0" timestamp="01 Nov 2024 01:18:12 GMT" skipped="0">
  <testcase classname="com.runner.LoginRunner" name="runScenario" time="0.009"/>
  <testcase classname="com.runner.LoginRunner" name="runScenario" time="0.005"/>
  <testcase classname="com.runner.LoginRunner" name="runScenario" time="0.060"/>
  <testcase classname="com.runner.LoginRunner" name="runScenario" time="0.005"/>
</testsuite> <!-- com.runner.LoginRunner -->
