<?xml version="1.0" encoding="UTF-8"?>
<!-- Generated by org.testng.reporters.JUnitReportReporter -->
<testsuite hostname="MacBookAir" failures="0" tests="4" name="com.runner.LoginRunner" time="0.081" errors="0" timestamp="01 Nov 2024 01:21:41 GMT" skipped="0">
  <testcase classname="com.runner.LoginRunner" name="runScenario" time="0.009"/>
  <testcase classname="com.runner.LoginRunner" name="runScenario" time="0.005"/>
  <testcase classname="com.runner.LoginRunner" name="runScenario" time="0.063"/>
  <testcase classname="com.runner.LoginRunner" name="runScenario" time="0.004"/>
</testsuite> <!-- com.runner.LoginRunner -->
